2026-03-20 11:07:10.666 [main] [32mINFO [m org.springframework.test.context.support.AnnotationConfigContextLoaderUtils - Could not detect default configuration classes for test class [com.yyj.codefarmcommunity.CodeFarmCommunityApplicationTests]: CodeFarmCommunityApplicationTests does not declare any static, non-private, non-final, nested classes annotated with @Configuration.
2026-03-20 11:07:10.906 [main] [32mINFO [m org.springframework.boot.test.context.SpringBootTestContextBootstrapper - Found @SpringBootConfiguration com.yyj.codefarmcommunity.CodeFarmCommunityApplication for test class com.yyj.codefarmcommunity.CodeFarmCommunityApplicationTests
2026-03-20 11:07:43.630 [main] [32mINFO [m com.yyj.codefarmcommunity.CodeFarmCommunityApplication - Starting CodeFarmCommunityApplication using Java 25.0.2 with PID 136008 (C:\Users\闫寅杰\Desktop\朗驰\五、Spring\code-farm-community\target\classes started by 闫寅杰 in C:\Users\闫寅杰\Desktop\朗驰\五、Spring\code-farm-community)
2026-03-20 11:07:43.638 [main] [36mDEBUG[m com.yyj.codefarmcommunity.CodeFarmCommunityApplication - Running with Spring Boot v4.0.3, Spring v7.0.5
2026-03-20 11:07:43.640 [main] [32mINFO [m com.yyj.codefarmcommunity.CodeFarmCommunityApplication - The following 1 profile is active: "dev"
2026-03-20 11:07:44.086 [background-preinit] [32mINFO [m org.hibernate.validator.internal.util.Version - HV000001: Hibernate Validator 9.0.1.Final
2026-03-20 11:07:46.132 [main] [32mINFO [m org.springframework.boot.tomcat.TomcatWebServer - Tomcat initialized with port 8080 (http)
2026-03-20 11:07:46.165 [main] [32mINFO [m org.apache.coyote.http11.Http11NioProtocol - Initializing ProtocolHandler ["http-nio-8080"]
2026-03-20 11:07:46.166 [main] [32mINFO [m org.apache.catalina.core.StandardService - Starting service [Tomcat]
2026-03-20 11:07:46.168 [main] [32mINFO [m org.apache.catalina.core.StandardEngine - Starting Servlet engine: [Apache Tomcat/11.0.18]
2026-03-20 11:07:46.276 [main] [32mINFO [m org.springframework.boot.web.context.servlet.WebApplicationContextInitializer - Root WebApplicationContext: initialization completed in 2565 ms
2026-03-20 11:07:46.467 [main] [36mDEBUG[m com.baomidou.mybatisplus.core.spi.CompatibleHelper - Load compatibleSet: com.baomidou.mybatisplus.extension.spi.SpringCompatibleSet@68b7bdcb
2026-03-20 11:07:46.550 [main] [36mDEBUG[m com.baomidou.mybatisplus.extension.spring.MybatisSqlSessionFactoryBean - Registered plugin: 'MybatisPlusInterceptor{interceptors=[PaginationInnerInterceptor(logger=org.apache.ibatis.logging.slf4j.Slf4jImpl@42576db9, overflow=true, maxLimit=null, dbType=MYSQL, dialect=null, optimizeJoin=true)]}'
2026-03-20 11:07:46.553 [main] [36mDEBUG[m com.baomidou.mybatisplus.extension.spring.MybatisSqlSessionFactoryBean - Property 'mapperLocations' was not specified.
2026-03-20 11:07:47.578 [main] [32mINFO [m org.springframework.security.config.annotation.authentication.configuration.InitializeUserDetailsBeanManagerConfigurer$InitializeUserDetailsManagerConfigurer - Global AuthenticationManager configured with UserDetailsService bean with name customUserDetailsService
2026-03-20 11:07:48.719 [main] [32mINFO [m com.baomidou.mybatisplus.extension.spring.MybatisPlusApplicationContextAware - Register ApplicationContext instances org.springframework.boot.web.server.servlet.context.AnnotationConfigServletWebServerApplicationContext@21005f6c
2026-03-20 11:07:49.112 [main] [32mINFO [m org.apache.coyote.http11.Http11NioProtocol - Starting ProtocolHandler ["http-nio-8080"]
2026-03-20 11:07:49.141 [main] [32mINFO [m org.springframework.boot.tomcat.TomcatWebServer - Tomcat started on port 8080 (http) with context path '/'
2026-03-20 11:07:49.154 [main] [32mINFO [m com.yyj.codefarmcommunity.CodeFarmCommunityApplication - Started CodeFarmCommunityApplication in 6.114 seconds (process running for 8.143)
2026-03-20 11:30:37.737 [http-nio-8080-exec-7] [32mINFO [m org.apache.catalina.core.ContainerBase.[Tomcat].[localhost].[/] - Initializing Spring DispatcherServlet 'dispatcherServlet'
2026-03-20 11:30:37.750 [http-nio-8080-exec-7] [32mINFO [m org.springframework.web.servlet.DispatcherServlet - Initializing Servlet 'dispatcherServlet'
2026-03-20 11:30:37.761 [http-nio-8080-exec-7] [32mINFO [m org.springframework.web.servlet.DispatcherServlet - Completed initialization in 10 ms
2026-03-20 11:30:38.319 [http-nio-8080-exec-7] [32mINFO [m com.yyj.codefarmcommunity.aspect.LogAspect - [API请求] 请求路径: /api/login
2026-03-20 11:30:38.319 [http-nio-8080-exec-7] [32mINFO [m com.yyj.codefarmcommunity.aspect.LogAspect - [API请求] 请求方法: POST
2026-03-20 11:30:38.319 [http-nio-8080-exec-7] [32mINFO [m com.yyj.codefarmcommunity.aspect.LogAspect - [API请求] 客户端IP: 0:0:0:0:0:0:0:1
2026-03-20 11:30:38.322 [http-nio-8080-exec-7] [32mINFO [m com.yyj.codefarmcommunity.aspect.LogAspect - [API请求] 处理方法: com.yyj.codefarmcommunity.controller.AuthController.login
2026-03-20 11:30:38.322 [http-nio-8080-exec-7] [32mINFO [m com.yyj.codefarmcommunity.aspect.LogAspect - [API请求] 请求参数: [com.yyj.codefarmcommunity.vo.LoginRequest@703c94cd]
2026-03-20 11:30:38.324 [http-nio-8080-exec-7] [32mINFO [m com.yyj.codefarmcommunity.controller.AuthController - 用户登录请求: admin
2026-03-20 11:30:38.765 [http-nio-8080-exec-7] [32mINFO [m com.yyj.codefarmcommunity.aspect.ServiceLogAspect - [业务层] 方法调用开始: com.yyj.codefarmcommunity.service.impl.CustomUserDetailsService.loadUserByUsername
2026-03-20 11:30:38.765 [http-nio-8080-exec-7] [32mINFO [m com.yyj.codefarmcommunity.aspect.ServiceLogAspect - [业务层] 方法参数: [admin]
2026-03-20 11:30:39.138 [http-nio-8080-exec-7] [32mINFO [m com.zaxxer.hikari.HikariDataSource - HikariPool-1 - Starting...
2026-03-20 11:30:40.040 [http-nio-8080-exec-7] [32mINFO [m com.zaxxer.hikari.pool.HikariPool - HikariPool-1 - Added connection com.mysql.cj.jdbc.ConnectionImpl@16aa48d4
2026-03-20 11:30:40.047 [http-nio-8080-exec-7] [32mINFO [m com.zaxxer.hikari.HikariDataSource - HikariPool-1 - Start completed.
2026-03-20 11:30:40.407 [http-nio-8080-exec-7] [32mINFO [m com.yyj.codefarmcommunity.aspect.ServiceLogAspect - [业务层] 方法调用开始: com.yyj.codefarmcommunity.service.impl.SysAuthRoleServiceImpl.getRolesByUserId
2026-03-20 11:30:40.407 [http-nio-8080-exec-7] [32mINFO [m com.yyj.codefarmcommunity.aspect.ServiceLogAspect - [业务层] 方法参数: [1]
2026-03-20 11:30:40.503 [http-nio-8080-exec-7] [32mINFO [m com.yyj.codefarmcommunity.aspect.ServiceLogAspect - [业务层] 方法调用成功: com.yyj.codefarmcommunity.service.impl.SysAuthRoleServiceImpl.getRolesByUserId
2026-03-20 11:30:40.503 [http-nio-8080-exec-7] [32mINFO [m com.yyj.codefarmcommunity.aspect.ServiceLogAspect - [业务层] 方法返回值: [ADMIN, 123]
2026-03-20 11:30:40.503 [http-nio-8080-exec-7] [32mINFO [m com.yyj.codefarmcommunity.aspect.ServiceLogAspect - [业务层] 执行时间: 96ms
2026-03-20 11:30:40.510 [http-nio-8080-exec-7] [32mINFO [m com.yyj.codefarmcommunity.aspect.ServiceLogAspect - [业务层] 方法调用成功: com.yyj.codefarmcommunity.service.impl.CustomUserDetailsService.loadUserByUsername
2026-03-20 11:30:40.510 [http-nio-8080-exec-7] [32mINFO [m com.yyj.codefarmcommunity.aspect.ServiceLogAspect - [业务层] 方法返回值: org.springframework.security.core.userdetails.User [Username=admin, Password=[PROTECTED], Enabled=true, AccountNonExpired=true, CredentialsNonExpired=true, AccountNonLocked=true, Granted Authorities=[ROLE_123, ROLE_ADMIN]]
2026-03-20 11:30:40.512 [http-nio-8080-exec-7] [32mINFO [m com.yyj.codefarmcommunity.aspect.ServiceLogAspect - [业务层] 执行时间: 1746ms
2026-03-20 11:30:40.888 [http-nio-8080-exec-7] [1;31mERROR[m com.yyj.codefarmcommunity.controller.AuthController - 用户登录失败: admin
org.springframework.security.authentication.BadCredentialsException: 用户名或密码错误
	at org.springframework.security.authentication.dao.DaoAuthenticationProvider.additionalAuthenticationChecks(DaoAuthenticationProvider.java:90)
	at org.springframework.security.authentication.dao.AbstractUserDetailsAuthenticationProvider.authenticate(AbstractUserDetailsAuthenticationProvider.java:158)
	at org.springframework.security.authentication.ProviderManager.authenticate(ProviderManager.java:183)
	at com.yyj.codefarmcommunity.controller.AuthController.login(AuthController.java:65)
	at java.base/jdk.internal.reflect.DirectMethodHandleAccessor.invoke(DirectMethodHandleAccessor.java:104)
	at java.base/java.lang.reflect.Method.invoke(Method.java:565)
	at org.springframework.aop.support.AopUtils.invokeJoinpointUsingReflection(AopUtils.java:359)
	at org.springframework.aop.framework.ReflectiveMethodInvocation.invokeJoinpoint(ReflectiveMethodInvocation.java:190)
	at org.springframework.aop.framework.ReflectiveMethodInvocation.proceed(ReflectiveMethodInvocation.java:158)
	at org.springframework.aop.aspectj.MethodInvocationProceedingJoinPoint.proceed(MethodInvocationProceedingJoinPoint.java:82)
	at com.yyj.codefarmcommunity.aspect.LogAspect.around(LogAspect.java:64)
	at java.base/jdk.internal.reflect.DirectMethodHandleAccessor.invoke(DirectMethodHandleAccessor.java:104)
	at java.base/java.lang.reflect.Method.invoke(Method.java:565)
	at org.springframework.aop.aspectj.AbstractAspectJAdvice.invokeAdviceMethodWithGivenArgs(AbstractAspectJAdvice.java:648)
	at org.springframework.aop.aspectj.AbstractAspectJAdvice.invokeAdviceMethod(AbstractAspectJAdvice.java:630)
	at org.springframework.aop.aspectj.AspectJAroundAdvice.invoke(AspectJAroundAdvice.java:70)
	at org.springframework.aop.framework.ReflectiveMethodInvocation.proceed(ReflectiveMethodInvocation.java:179)
	at org.springframework.aop.interceptor.ExposeInvocationInterceptor.invoke(ExposeInvocationInterceptor.java:96)
	at org.springframework.aop.framework.ReflectiveMethodInvocation.proceed(ReflectiveMethodInvocation.java:179)
	at org.springframework.aop.framework.CglibAopProxy$DynamicAdvisedInterceptor.intercept(CglibAopProxy.java:719)
	at com.yyj.codefarmcommunity.controller.AuthController$$SpringCGLIB$$0.login(<generated>)
	at java.base/jdk.internal.reflect.DirectMethodHandleAccessor.invoke(DirectMethodHandleAccessor.java:104)
	at java.base/java.lang.reflect.Method.invoke(Method.java:565)
	at org.springframework.web.method.support.InvocableHandlerMethod.doInvoke(InvocableHandlerMethod.java:252)
	at org.springframework.web.method.support.InvocableHandlerMethod.invokeForRequest(InvocableHandlerMethod.java:184)
	at org.springframework.web.servlet.mvc.method.annotation.ServletInvocableHandlerMethod.invokeAndHandle(ServletInvocableHandlerMethod.java:117)
	at org.springframework.web.servlet.mvc.method.annotation.RequestMappingHandlerAdapter.invokeHandlerMethod(RequestMappingHandlerAdapter.java:934)
	at org.springframework.web.servlet.mvc.method.annotation.RequestMappingHandlerAdapter.handleInternal(RequestMappingHandlerAdapter.java:853)
	at org.springframework.web.servlet.mvc.method.AbstractHandlerMethodAdapter.handle(AbstractHandlerMethodAdapter.java:86)
	at org.springframework.web.servlet.DispatcherServlet.doDispatch(DispatcherServlet.java:963)
	at org.springframework.web.servlet.DispatcherServlet.doService(DispatcherServlet.java:866)
	at org.springframework.web.servlet.FrameworkServlet.processRequest(FrameworkServlet.java:1000)
	at org.springframework.web.servlet.FrameworkServlet.doPost(FrameworkServlet.java:903)
	at jakarta.servlet.http.HttpServlet.service(HttpServlet.java:649)
	at org.springframework.web.servlet.FrameworkServlet.service(FrameworkServlet.java:874)
	at jakarta.servlet.http.HttpServlet.service(HttpServlet.java:710)
	at org.apache.catalina.core.ApplicationFilterChain.doFilter(ApplicationFilterChain.java:128)
	at org.apache.tomcat.websocket.server.WsFilter.doFilter(WsFilter.java:53)
	at org.apache.catalina.core.ApplicationFilterChain.doFilter(ApplicationFilterChain.java:107)
	at com.yyj.codefarmcommunity.filter.JwtFilter.doFilter(JwtFilter.java:55)
	at org.apache.catalina.core.ApplicationFilterChain.doFilter(ApplicationFilterChain.java:107)
	at org.springframework.web.filter.CompositeFilter$VirtualFilterChain.doFilter(CompositeFilter.java:108)
	at org.springframework.security.web.FilterChainProxy.lambda$doFilterInternal$3(FilterChainProxy.java:235)
	at org.springframework.security.web.FilterChainProxy$VirtualFilterChain.doFilter(FilterChainProxy.java:371)
	at org.springframework.security.web.access.intercept.AuthorizationFilter.doFilter(AuthorizationFilter.java:101)
	at org.springframework.security.web.FilterChainProxy$VirtualFilterChain.doFilter(FilterChainProxy.java:380)
	at org.springframework.security.web.access.ExceptionTranslationFilter.doFilter(ExceptionTranslationFilter.java:126)
	at org.springframework.security.web.access.ExceptionTranslationFilter.doFilter(ExceptionTranslationFilter.java:120)
	at org.springframework.security.web.FilterChainProxy$VirtualFilterChain.doFilter(FilterChainProxy.java:380)
	at org.springframework.security.web.authentication.AnonymousAuthenticationFilter.doFilter(AnonymousAuthenticationFilter.java:100)
	at org.springframework.security.web.FilterChainProxy$VirtualFilterChain.doFilter(FilterChainProxy.java:380)
	at org.springframework.security.web.servletapi.SecurityContextHolderAwareRequestFilter.doFilter(SecurityContextHolderAwareRequestFilter.java:181)
	at org.springframework.security.web.FilterChainProxy$VirtualFilterChain.doFilter(FilterChainProxy.java:380)
	at org.springframework.security.web.savedrequest.RequestCacheAwareFilter.doFilter(RequestCacheAwareFilter.java:63)
	at org.springframework.security.web.FilterChainProxy$VirtualFilterChain.doFilter(FilterChainProxy.java:380)
	at com.yyj.codefarmcommunity.filter.JwtFilter.doFilter(JwtFilter.java:55)
	at org.springframework.security.web.FilterChainProxy$VirtualFilterChain.doFilter(FilterChainProxy.java:380)
	at org.springframework.security.web.authentication.logout.LogoutFilter.doFilter(LogoutFilter.java:110)
	at org.springframework.security.web.authentication.logout.LogoutFilter.doFilter(LogoutFilter.java:96)
	at org.springframework.security.web.FilterChainProxy$VirtualFilterChain.doFilter(FilterChainProxy.java:380)
	at org.springframework.security.web.header.HeaderWriterFilter.doHeadersAfter(HeaderWriterFilter.java:90)
	at org.springframework.security.web.header.HeaderWriterFilter.doFilterInternal(HeaderWriterFilter.java:75)
	at org.springframework.web.filter.OncePerRequestFilter.doFilter(OncePerRequestFilter.java:116)
	at org.springframework.security.web.FilterChainProxy$VirtualFilterChain.doFilter(FilterChainProxy.java:380)
	at org.springframework.security.web.context.SecurityContextHolderFilter.doFilter(SecurityContextHolderFilter.java:82)
	at org.springframework.security.web.context.SecurityContextHolderFilter.doFilter(SecurityContextHolderFilter.java:69)
	at org.springframework.security.web.FilterChainProxy$VirtualFilterChain.doFilter(FilterChainProxy.java:380)
	at org.springframework.security.web.context.request.async.WebAsyncManagerIntegrationFilter.doFilterInternal(WebAsyncManagerIntegrationFilter.java:62)
	at org.springframework.web.filter.OncePerRequestFilter.doFilter(OncePerRequestFilter.java:116)
	at org.springframework.security.web.FilterChainProxy$VirtualFilterChain.doFilter(FilterChainProxy.java:380)
	at org.springframework.security.web.session.DisableEncodeUrlFilter.doFilterInternal(DisableEncodeUrlFilter.java:42)
	at org.springframework.web.filter.OncePerRequestFilter.doFilter(OncePerRequestFilter.java:116)
	at org.springframework.security.web.FilterChainProxy$VirtualFilterChain.doFilter(FilterChainProxy.java:380)
	at org.springframework.security.web.FilterChainProxy.doFilterInternal(FilterChainProxy.java:237)
	at org.springframework.security.web.FilterChainProxy.doFilter(FilterChainProxy.java:195)
	at org.springframework.web.filter.CompositeFilter$VirtualFilterChain.doFilter(CompositeFilter.java:113)
	at org.springframework.web.filter.ServletRequestPathFilter.doFilter(ServletRequestPathFilter.java:52)
	at org.springframework.web.filter.CompositeFilter$VirtualFilterChain.doFilter(CompositeFilter.java:113)
	at org.springframework.web.filter.CompositeFilter.doFilter(CompositeFilter.java:74)
	at org.springframework.security.config.annotation.web.configuration.WebSecurityConfiguration$CompositeFilterChainProxy.doFilter(WebSecurityConfiguration.java:317)
	at org.springframework.web.filter.DelegatingFilterProxy.invokeDelegate(DelegatingFilterProxy.java:355)
	at org.springframework.web.filter.DelegatingFilterProxy.doFilter(DelegatingFilterProxy.java:272)
	at org.apache.catalina.core.ApplicationFilterChain.doFilter(ApplicationFilterChain.java:107)
	at org.springframework.web.filter.RequestContextFilter.doFilterInternal(RequestContextFilter.java:100)
	at org.springframework.web.filter.OncePerRequestFilter.doFilter(OncePerRequestFilter.java:116)
	at org.apache.catalina.core.ApplicationFilterChain.doFilter(ApplicationFilterChain.java:107)
	at org.springframework.web.filter.FormContentFilter.doFilterInternal(FormContentFilter.java:93)
	at org.springframework.web.filter.OncePerRequestFilter.doFilter(OncePerRequestFilter.java:116)
	at org.apache.catalina.core.ApplicationFilterChain.doFilter(ApplicationFilterChain.java:107)
	at org.springframework.web.filter.CharacterEncodingFilter.doFilterInternal(CharacterEncodingFilter.java:199)
	at org.springframework.web.filter.OncePerRequestFilter.doFilter(OncePerRequestFilter.java:116)
	at org.apache.catalina.core.ApplicationFilterChain.doFilter(ApplicationFilterChain.java:107)
	at org.apache.catalina.core.StandardWrapperValve.invoke(StandardWrapperValve.java:165)
	at org.apache.catalina.core.StandardContextValve.invoke(StandardContextValve.java:77)
	at org.apache.catalina.authenticator.AuthenticatorBase.invoke(AuthenticatorBase.java:492)
	at org.apache.catalina.core.StandardHostValve.invoke(StandardHostValve.java:113)
	at org.apache.catalina.valves.ErrorReportValve.invoke(ErrorReportValve.java:83)
	at org.apache.catalina.core.StandardEngineValve.invoke(StandardEngineValve.java:72)
	at org.apache.catalina.connector.CoyoteAdapter.service(CoyoteAdapter.java:341)
	at org.apache.coyote.http11.Http11Processor.service(Http11Processor.java:397)
	at org.apache.coyote.AbstractProcessorLight.process(AbstractProcessorLight.java:63)
	at org.apache.coyote.AbstractProtocol$ConnectionHandler.process(AbstractProtocol.java:903)
	at org.apache.tomcat.util.net.NioEndpoint$SocketProcessor.doRun(NioEndpoint.java:1779)
	at org.apache.tomcat.util.net.SocketProcessorBase.run(SocketProcessorBase.java:52)
	at org.apache.tomcat.util.threads.ThreadPoolExecutor.runWorker(ThreadPoolExecutor.java:946)
	at org.apache.tomcat.util.threads.ThreadPoolExecutor$Worker.run(ThreadPoolExecutor.java:480)
	at org.apache.tomcat.util.threads.TaskThread$WrappingRunnable.run(TaskThread.java:57)
	at java.base/java.lang.Thread.run(Thread.java:1474)
2026-03-20 11:30:40.946 [http-nio-8080-exec-7] [32mINFO [m com.yyj.codefarmcommunity.aspect.LogAspect - [API响应] 处理方法: com.yyj.codefarmcommunity.controller.AuthController.login
2026-03-20 11:30:40.947 [http-nio-8080-exec-7] [32mINFO [m com.yyj.codefarmcommunity.aspect.LogAspect - [API响应] 响应结果: com.yyj.codefarmcommunity.common.Result@34be5fd7
2026-03-20 11:30:40.949 [http-nio-8080-exec-7] [32mINFO [m com.yyj.codefarmcommunity.aspect.LogAspect - [API响应] 执行时间: 2630ms
2026-03-20 11:30:50.119 [http-nio-8080-exec-1] [32mINFO [m com.yyj.codefarmcommunity.aspect.LogAspect - [API请求] 请求路径: /api/login
2026-03-20 11:30:50.120 [http-nio-8080-exec-1] [32mINFO [m com.yyj.codefarmcommunity.aspect.LogAspect - [API请求] 请求方法: POST
2026-03-20 11:30:50.121 [http-nio-8080-exec-1] [32mINFO [m com.yyj.codefarmcommunity.aspect.LogAspect - [API请求] 客户端IP: 0:0:0:0:0:0:0:1
2026-03-20 11:30:50.122 [http-nio-8080-exec-1] [32mINFO [m com.yyj.codefarmcommunity.aspect.LogAspect - [API请求] 处理方法: com.yyj.codefarmcommunity.controller.AuthController.login
2026-03-20 11:30:50.123 [http-nio-8080-exec-1] [32mINFO [m com.yyj.codefarmcommunity.aspect.LogAspect - [API请求] 请求参数: [com.yyj.codefarmcommunity.vo.LoginRequest@df31830]
2026-03-20 11:30:50.123 [http-nio-8080-exec-1] [32mINFO [m com.yyj.codefarmcommunity.controller.AuthController - 用户登录请求: yyj
2026-03-20 11:30:50.126 [http-nio-8080-exec-1] [32mINFO [m com.yyj.codefarmcommunity.aspect.ServiceLogAspect - [业务层] 方法调用开始: com.yyj.codefarmcommunity.service.impl.CustomUserDetailsService.loadUserByUsername
2026-03-20 11:30:50.128 [http-nio-8080-exec-1] [32mINFO [m com.yyj.codefarmcommunity.aspect.ServiceLogAspect - [业务层] 方法参数: [yyj]
2026-03-20 11:30:50.150 [http-nio-8080-exec-1] [32mINFO [m com.yyj.codefarmcommunity.aspect.ServiceLogAspect - [业务层] 方法调用开始: com.yyj.codefarmcommunity.service.impl.SysAuthRoleServiceImpl.getRolesByUserId
2026-03-20 11:30:50.151 [http-nio-8080-exec-1] [32mINFO [m com.yyj.codefarmcommunity.aspect.ServiceLogAspect - [业务层] 方法参数: [3]
2026-03-20 11:30:50.175 [http-nio-8080-exec-1] [32mINFO [m com.yyj.codefarmcommunity.aspect.ServiceLogAspect - [业务层] 方法调用成功: com.yyj.codefarmcommunity.service.impl.SysAuthRoleServiceImpl.getRolesByUserId
2026-03-20 11:30:50.175 [http-nio-8080-exec-1] [32mINFO [m com.yyj.codefarmcommunity.aspect.ServiceLogAspect - [业务层] 方法返回值: [USER, ADMIN]
2026-03-20 11:30:50.176 [http-nio-8080-exec-1] [32mINFO [m com.yyj.codefarmcommunity.aspect.ServiceLogAspect - [业务层] 执行时间: 25ms
2026-03-20 11:30:50.176 [http-nio-8080-exec-1] [32mINFO [m com.yyj.codefarmcommunity.aspect.ServiceLogAspect - [业务层] 方法调用成功: com.yyj.codefarmcommunity.service.impl.CustomUserDetailsService.loadUserByUsername
2026-03-20 11:30:50.176 [http-nio-8080-exec-1] [32mINFO [m com.yyj.codefarmcommunity.aspect.ServiceLogAspect - [业务层] 方法返回值: org.springframework.security.core.userdetails.User [Username=yyj, Password=[PROTECTED], Enabled=true, AccountNonExpired=true, CredentialsNonExpired=true, AccountNonLocked=true, Granted Authorities=[ROLE_ADMIN, ROLE_USER]]
2026-03-20 11:30:50.177 [http-nio-8080-exec-1] [32mINFO [m com.yyj.codefarmcommunity.aspect.ServiceLogAspect - [业务层] 执行时间: 50ms
2026-03-20 11:30:50.550 [http-nio-8080-exec-1] [32mINFO [m com.yyj.codefarmcommunity.aspect.ServiceLogAspect - [业务层] 方法调用开始: com.yyj.codefarmcommunity.service.impl.SysAuthRoleServiceImpl.getRolesByUserId
2026-03-20 11:30:50.551 [http-nio-8080-exec-1] [32mINFO [m com.yyj.codefarmcommunity.aspect.ServiceLogAspect - [业务层] 方法参数: [3]
2026-03-20 11:30:50.586 [http-nio-8080-exec-1] [32mINFO [m com.yyj.codefarmcommunity.aspect.ServiceLogAspect - [业务层] 方法调用成功: com.yyj.codefarmcommunity.service.impl.SysAuthRoleServiceImpl.getRolesByUserId
2026-03-20 11:30:50.588 [http-nio-8080-exec-1] [32mINFO [m com.yyj.codefarmcommunity.aspect.ServiceLogAspect - [业务层] 方法返回值: [USER, ADMIN]
2026-03-20 11:30:50.588 [http-nio-8080-exec-1] [32mINFO [m com.yyj.codefarmcommunity.aspect.ServiceLogAspect - [业务层] 执行时间: 36ms
2026-03-20 11:30:50.589 [http-nio-8080-exec-1] [32mINFO [m com.yyj.codefarmcommunity.aspect.ServiceLogAspect - [业务层] 方法调用开始: com.yyj.codefarmcommunity.service.impl.SysAuthPermissionServiceImpl.getPermissionsByUserId
2026-03-20 11:30:50.589 [http-nio-8080-exec-1] [32mINFO [m com.yyj.codefarmcommunity.aspect.ServiceLogAspect - [业务层] 方法参数: [3]
2026-03-20 11:30:50.919 [http-nio-8080-exec-1] [32mINFO [m com.yyj.codefarmcommunity.aspect.ServiceLogAspect - [业务层] 方法调用成功: com.yyj.codefarmcommunity.service.impl.SysAuthPermissionServiceImpl.getPermissionsByUserId
2026-03-20 11:30:50.920 [http-nio-8080-exec-1] [32mINFO [m com.yyj.codefarmcommunity.aspect.ServiceLogAspect - [业务层] 方法返回值: [system:role:delete, system:user:list, system:user:manage, system:permission:manage, system:user:delete, system:role:list, system:permission:add, system:user:edit, system:role:edit, system:user:add, system:permission:delete, system:role:manage, system:permission:edit, system:role:add, system:manage, system:permission:list]
2026-03-20 11:30:50.921 [http-nio-8080-exec-1] [32mINFO [m com.yyj.codefarmcommunity.aspect.ServiceLogAspect - [业务层] 执行时间: 330ms
2026-03-20 11:30:51.325 [http-nio-8080-exec-1] [32mINFO [m com.yyj.codefarmcommunity.controller.AuthController - 用户登录成功: yyj
2026-03-20 11:30:51.327 [http-nio-8080-exec-1] [32mINFO [m com.yyj.codefarmcommunity.aspect.LogAspect - [API响应] 处理方法: com.yyj.codefarmcommunity.controller.AuthController.login
2026-03-20 11:30:51.327 [http-nio-8080-exec-1] [32mINFO [m com.yyj.codefarmcommunity.aspect.LogAspect - [API响应] 响应结果: com.yyj.codefarmcommunity.common.Result@1599b6f6
2026-03-20 11:30:51.327 [http-nio-8080-exec-1] [32mINFO [m com.yyj.codefarmcommunity.aspect.LogAspect - [API响应] 执行时间: 1206ms
2026-03-20 11:31:10.352 [http-nio-8080-exec-8] [32mINFO [m com.yyj.codefarmcommunity.aspect.LogAspect - [API请求] 请求路径: /api/login
2026-03-20 11:31:10.355 [http-nio-8080-exec-8] [32mINFO [m com.yyj.codefarmcommunity.aspect.LogAspect - [API请求] 请求方法: POST
2026-03-20 11:31:10.355 [http-nio-8080-exec-8] [32mINFO [m com.yyj.codefarmcommunity.aspect.LogAspect - [API请求] 客户端IP: 0:0:0:0:0:0:0:1
2026-03-20 11:31:10.355 [http-nio-8080-exec-8] [32mINFO [m com.yyj.codefarmcommunity.aspect.LogAspect - [API请求] 处理方法: com.yyj.codefarmcommunity.controller.AuthController.login
2026-03-20 11:31:10.355 [http-nio-8080-exec-8] [32mINFO [m com.yyj.codefarmcommunity.aspect.LogAspect - [API请求] 请求参数: [com.yyj.codefarmcommunity.vo.LoginRequest@1c9e4639]
2026-03-20 11:31:10.356 [http-nio-8080-exec-8] [32mINFO [m com.yyj.codefarmcommunity.controller.AuthController - 用户登录请求: yyj
2026-03-20 11:31:10.356 [http-nio-8080-exec-8] [32mINFO [m com.yyj.codefarmcommunity.aspect.ServiceLogAspect - [业务层] 方法调用开始: com.yyj.codefarmcommunity.service.impl.CustomUserDetailsService.loadUserByUsername
2026-03-20 11:31:10.356 [http-nio-8080-exec-8] [32mINFO [m com.yyj.codefarmcommunity.aspect.ServiceLogAspect - [业务层] 方法参数: [yyj]
2026-03-20 11:31:10.368 [http-nio-8080-exec-8] [32mINFO [m com.yyj.codefarmcommunity.aspect.ServiceLogAspect - [业务层] 方法调用开始: com.yyj.codefarmcommunity.service.impl.SysAuthRoleServiceImpl.getRolesByUserId
2026-03-20 11:31:10.369 [http-nio-8080-exec-8] [32mINFO [m com.yyj.codefarmcommunity.aspect.ServiceLogAspect - [业务层] 方法参数: [3]
2026-03-20 11:31:10.393 [http-nio-8080-exec-8] [32mINFO [m com.yyj.codefarmcommunity.aspect.ServiceLogAspect - [业务层] 方法调用成功: com.yyj.codefarmcommunity.service.impl.SysAuthRoleServiceImpl.getRolesByUserId
2026-03-20 11:31:10.393 [http-nio-8080-exec-8] [32mINFO [m com.yyj.codefarmcommunity.aspect.ServiceLogAspect - [业务层] 方法返回值: [USER, ADMIN]
2026-03-20 11:31:10.393 [http-nio-8080-exec-8] [32mINFO [m com.yyj.codefarmcommunity.aspect.ServiceLogAspect - [业务层] 执行时间: 25ms
2026-03-20 11:31:10.394 [http-nio-8080-exec-8] [32mINFO [m com.yyj.codefarmcommunity.aspect.ServiceLogAspect - [业务层] 方法调用成功: com.yyj.codefarmcommunity.service.impl.CustomUserDetailsService.loadUserByUsername
2026-03-20 11:31:10.394 [http-nio-8080-exec-8] [32mINFO [m com.yyj.codefarmcommunity.aspect.ServiceLogAspect - [业务层] 方法返回值: org.springframework.security.core.userdetails.User [Username=yyj, Password=[PROTECTED], Enabled=true, AccountNonExpired=true, CredentialsNonExpired=true, AccountNonLocked=true, Granted Authorities=[ROLE_ADMIN, ROLE_USER]]
2026-03-20 11:31:10.394 [http-nio-8080-exec-8] [32mINFO [m com.yyj.codefarmcommunity.aspect.ServiceLogAspect - [业务层] 执行时间: 38ms
2026-03-20 11:31:10.809 [http-nio-8080-exec-8] [32mINFO [m com.yyj.codefarmcommunity.aspect.ServiceLogAspect - [业务层] 方法调用开始: com.yyj.codefarmcommunity.service.impl.SysAuthRoleServiceImpl.getRolesByUserId
2026-03-20 11:31:10.811 [http-nio-8080-exec-8] [32mINFO [m com.yyj.codefarmcommunity.aspect.ServiceLogAspect - [业务层] 方法参数: [3]
2026-03-20 11:31:10.861 [http-nio-8080-exec-8] [32mINFO [m com.yyj.codefarmcommunity.aspect.ServiceLogAspect - [业务层] 方法调用成功: com.yyj.codefarmcommunity.service.impl.SysAuthRoleServiceImpl.getRolesByUserId
2026-03-20 11:31:10.861 [http-nio-8080-exec-8] [32mINFO [m com.yyj.codefarmcommunity.aspect.ServiceLogAspect - [业务层] 方法返回值: [USER, ADMIN]
2026-03-20 11:31:10.861 [http-nio-8080-exec-8] [32mINFO [m com.yyj.codefarmcommunity.aspect.ServiceLogAspect - [业务层] 执行时间: 52ms
2026-03-20 11:31:10.862 [http-nio-8080-exec-8] [32mINFO [m com.yyj.codefarmcommunity.aspect.ServiceLogAspect - [业务层] 方法调用开始: com.yyj.codefarmcommunity.service.impl.SysAuthPermissionServiceImpl.getPermissionsByUserId
2026-03-20 11:31:10.862 [http-nio-8080-exec-8] [32mINFO [m com.yyj.codefarmcommunity.aspect.ServiceLogAspect - [业务层] 方法参数: [3]
2026-03-20 11:31:11.055 [http-nio-8080-exec-8] [32mINFO [m com.yyj.codefarmcommunity.aspect.ServiceLogAspect - [业务层] 方法调用成功: com.yyj.codefarmcommunity.service.impl.SysAuthPermissionServiceImpl.getPermissionsByUserId
2026-03-20 11:31:11.056 [http-nio-8080-exec-8] [32mINFO [m com.yyj.codefarmcommunity.aspect.ServiceLogAspect - [业务层] 方法返回值: [system:role:delete, system:user:list, system:user:manage, system:permission:manage, system:user:delete, system:role:list, system:permission:add, system:user:edit, system:role:edit, system:user:add, system:permission:delete, system:role:manage, system:permission:edit, system:role:add, system:manage, system:permission:list]
2026-03-20 11:31:11.058 [http-nio-8080-exec-8] [32mINFO [m com.yyj.codefarmcommunity.aspect.ServiceLogAspect - [业务层] 执行时间: 193ms
2026-03-20 11:31:11.061 [http-nio-8080-exec-8] [32mINFO [m com.yyj.codefarmcommunity.controller.AuthController - 用户登录成功: yyj
2026-03-20 11:31:11.062 [http-nio-8080-exec-8] [32mINFO [m com.yyj.codefarmcommunity.aspect.LogAspect - [API响应] 处理方法: com.yyj.codefarmcommunity.controller.AuthController.login
2026-03-20 11:31:11.062 [http-nio-8080-exec-8] [32mINFO [m com.yyj.codefarmcommunity.aspect.LogAspect - [API响应] 响应结果: com.yyj.codefarmcommunity.common.Result@73baf024
2026-03-20 11:31:11.062 [http-nio-8080-exec-8] [32mINFO [m com.yyj.codefarmcommunity.aspect.LogAspect - [API响应] 执行时间: 710ms
2026-03-20 11:31:11.719 [http-nio-8080-exec-5] [32mINFO [m com.yyj.codefarmcommunity.aspect.LogAspect - [API请求] 请求路径: /api/me
2026-03-20 11:31:11.720 [http-nio-8080-exec-5] [32mINFO [m com.yyj.codefarmcommunity.aspect.LogAspect - [API请求] 请求方法: GET
2026-03-20 11:31:11.720 [http-nio-8080-exec-5] [32mINFO [m com.yyj.codefarmcommunity.aspect.LogAspect - [API请求] 客户端IP: 0:0:0:0:0:0:0:1
2026-03-20 11:31:11.720 [http-nio-8080-exec-5] [32mINFO [m com.yyj.codefarmcommunity.aspect.LogAspect - [API请求] 处理方法: com.yyj.codefarmcommunity.controller.AuthController.getCurrentUser
2026-03-20 11:31:11.721 [http-nio-8080-exec-5] [32mINFO [m com.yyj.codefarmcommunity.aspect.LogAspect - [API请求] 请求参数: [SecurityContextHolderAwareRequestWrapper[ org.springframework.security.web.header.HeaderWriterFilter$HeaderWriterRequest@21190b82]]
2026-03-20 11:31:11.728 [http-nio-8080-exec-5] [32mINFO [m com.yyj.codefarmcommunity.aspect.LogAspect - [API响应] 处理方法: com.yyj.codefarmcommunity.controller.AuthController.getCurrentUser
2026-03-20 11:31:11.728 [http-nio-8080-exec-5] [32mINFO [m com.yyj.codefarmcommunity.aspect.LogAspect - [API响应] 响应结果: com.yyj.codefarmcommunity.common.Result@b3fdb3b
2026-03-20 11:31:11.728 [http-nio-8080-exec-5] [32mINFO [m com.yyj.codefarmcommunity.aspect.LogAspect - [API响应] 执行时间: 9ms
2026-03-20 11:31:11.731 [http-nio-8080-exec-4] [32mINFO [m com.yyj.codefarmcommunity.aspect.LogAspect - [API请求] 请求路径: /api/user/count
2026-03-20 11:31:11.732 [http-nio-8080-exec-4] [32mINFO [m com.yyj.codefarmcommunity.aspect.LogAspect - [API请求] 请求方法: GET
2026-03-20 11:31:11.732 [http-nio-8080-exec-4] [32mINFO [m com.yyj.codefarmcommunity.aspect.LogAspect - [API请求] 客户端IP: 0:0:0:0:0:0:0:1
2026-03-20 11:31:11.732 [http-nio-8080-exec-4] [32mINFO [m com.yyj.codefarmcommunity.aspect.LogAspect - [API请求] 处理方法: com.yyj.codefarmcommunity.controller.SysAuthUserController.count
2026-03-20 11:31:11.733 [http-nio-8080-exec-4] [32mINFO [m com.yyj.codefarmcommunity.aspect.LogAspect - [API请求] 请求参数: []
2026-03-20 11:31:11.733 [http-nio-8080-exec-4] [32mINFO [m com.yyj.codefarmcommunity.aspect.ServiceLogAspect - [业务层] 方法调用开始: com.yyj.codefarmcommunity.service.impl.SysAuthUserServiceImpl.countUsers
2026-03-20 11:31:11.733 [http-nio-8080-exec-4] [32mINFO [m com.yyj.codefarmcommunity.aspect.ServiceLogAspect - [业务层] 方法参数: []
2026-03-20 11:31:11.746 [http-nio-8080-exec-4] [32mINFO [m com.yyj.codefarmcommunity.aspect.ServiceLogAspect - [业务层] 方法调用成功: com.yyj.codefarmcommunity.service.impl.SysAuthUserServiceImpl.countUsers
2026-03-20 11:31:11.746 [http-nio-8080-exec-4] [32mINFO [m com.yyj.codefarmcommunity.aspect.ServiceLogAspect - [业务层] 方法返回值: 5
2026-03-20 11:31:11.746 [http-nio-8080-exec-4] [32mINFO [m com.yyj.codefarmcommunity.aspect.ServiceLogAspect - [业务层] 执行时间: 13ms
2026-03-20 11:31:11.746 [http-nio-8080-exec-4] [32mINFO [m com.yyj.codefarmcommunity.aspect.LogAspect - [API响应] 处理方法: com.yyj.codefarmcommunity.controller.SysAuthUserController.count
2026-03-20 11:31:11.747 [http-nio-8080-exec-4] [32mINFO [m com.yyj.codefarmcommunity.aspect.LogAspect - [API响应] 响应结果: com.yyj.codefarmcommunity.common.Result@5a26605e
2026-03-20 11:31:11.747 [http-nio-8080-exec-4] [32mINFO [m com.yyj.codefarmcommunity.aspect.LogAspect - [API响应] 执行时间: 15ms
2026-03-20 11:31:11.807 [http-nio-8080-exec-6] [32mINFO [m com.yyj.codefarmcommunity.aspect.LogAspect - [API请求] 请求路径: /api/role/count
2026-03-20 11:31:11.808 [http-nio-8080-exec-6] [32mINFO [m com.yyj.codefarmcommunity.aspect.LogAspect - [API请求] 请求方法: GET
2026-03-20 11:31:11.809 [http-nio-8080-exec-6] [32mINFO [m com.yyj.codefarmcommunity.aspect.LogAspect - [API请求] 客户端IP: 0:0:0:0:0:0:0:1
2026-03-20 11:31:11.813 [http-nio-8080-exec-6] [32mINFO [m com.yyj.codefarmcommunity.aspect.LogAspect - [API请求] 处理方法: com.yyj.codefarmcommunity.controller.SysAuthRoleController.count
2026-03-20 11:31:11.815 [http-nio-8080-exec-6] [32mINFO [m com.yyj.codefarmcommunity.aspect.LogAspect - [API请求] 请求参数: []
2026-03-20 11:31:11.815 [http-nio-8080-exec-6] [32mINFO [m com.yyj.codefarmcommunity.aspect.ServiceLogAspect - [业务层] 方法调用开始: com.yyj.codefarmcommunity.service.impl.SysAuthRoleServiceImpl.countRoles
2026-03-20 11:31:11.815 [http-nio-8080-exec-6] [32mINFO [m com.yyj.codefarmcommunity.aspect.ServiceLogAspect - [业务层] 方法参数: []
2026-03-20 11:31:11.819 [http-nio-8080-exec-6] [32mINFO [m com.yyj.codefarmcommunity.aspect.ServiceLogAspect - [业务层] 方法调用成功: com.yyj.codefarmcommunity.service.impl.SysAuthRoleServiceImpl.countRoles
2026-03-20 11:31:11.821 [http-nio-8080-exec-6] [32mINFO [m com.yyj.codefarmcommunity.aspect.ServiceLogAspect - [业务层] 方法返回值: 3
2026-03-20 11:31:11.821 [http-nio-8080-exec-6] [32mINFO [m com.yyj.codefarmcommunity.aspect.ServiceLogAspect - [业务层] 执行时间: 4ms
2026-03-20 11:31:11.821 [http-nio-8080-exec-6] [32mINFO [m com.yyj.codefarmcommunity.aspect.LogAspect - [API响应] 处理方法: com.yyj.codefarmcommunity.controller.SysAuthRoleController.count
2026-03-20 11:31:11.822 [http-nio-8080-exec-6] [32mINFO [m com.yyj.codefarmcommunity.aspect.LogAspect - [API响应] 响应结果: com.yyj.codefarmcommunity.common.Result@596bdc86
2026-03-20 11:31:11.822 [http-nio-8080-exec-6] [32mINFO [m com.yyj.codefarmcommunity.aspect.LogAspect - [API响应] 执行时间: 14ms
2026-03-20 11:31:11.877 [http-nio-8080-exec-3] [32mINFO [m com.yyj.codefarmcommunity.aspect.LogAspect - [API请求] 请求路径: /api/permission/count
2026-03-20 11:31:11.877 [http-nio-8080-exec-3] [32mINFO [m com.yyj.codefarmcommunity.aspect.LogAspect - [API请求] 请求方法: GET
2026-03-20 11:31:11.879 [http-nio-8080-exec-3] [32mINFO [m com.yyj.codefarmcommunity.aspect.LogAspect - [API请求] 客户端IP: 0:0:0:0:0:0:0:1
2026-03-20 11:31:11.879 [http-nio-8080-exec-3] [32mINFO [m com.yyj.codefarmcommunity.aspect.LogAspect - [API请求] 处理方法: com.yyj.codefarmcommunity.controller.SysAuthPermissionController.count
2026-03-20 11:31:11.879 [http-nio-8080-exec-3] [32mINFO [m com.yyj.codefarmcommunity.aspect.LogAspect - [API请求] 请求参数: []
2026-03-20 11:31:11.879 [http-nio-8080-exec-3] [32mINFO [m com.yyj.codefarmcommunity.aspect.ServiceLogAspect - [业务层] 方法调用开始: com.yyj.codefarmcommunity.service.impl.SysAuthPermissionServiceImpl.countPermissions
2026-03-20 11:31:11.879 [http-nio-8080-exec-3] [32mINFO [m com.yyj.codefarmcommunity.aspect.ServiceLogAspect - [业务层] 方法参数: []
2026-03-20 11:31:11.880 [http-nio-8080-exec-3] [32mINFO [m com.yyj.codefarmcommunity.service.impl.SysAuthPermissionServiceImpl - 统计权限总数
2026-03-20 11:31:11.888 [http-nio-8080-exec-3] [32mINFO [m com.yyj.codefarmcommunity.service.impl.SysAuthPermissionServiceImpl - 权限总数：16
2026-03-20 11:31:11.889 [http-nio-8080-exec-3] [32mINFO [m com.yyj.codefarmcommunity.aspect.ServiceLogAspect - [业务层] 方法调用成功: com.yyj.codefarmcommunity.service.impl.SysAuthPermissionServiceImpl.countPermissions
2026-03-20 11:31:11.889 [http-nio-8080-exec-3] [32mINFO [m com.yyj.codefarmcommunity.aspect.ServiceLogAspect - [业务层] 方法返回值: 16
2026-03-20 11:31:11.890 [http-nio-8080-exec-3] [32mINFO [m com.yyj.codefarmcommunity.aspect.ServiceLogAspect - [业务层] 执行时间: 10ms
2026-03-20 11:31:11.891 [http-nio-8080-exec-3] [32mINFO [m com.yyj.codefarmcommunity.aspect.LogAspect - [API响应] 处理方法: com.yyj.codefarmcommunity.controller.SysAuthPermissionController.count
2026-03-20 11:31:11.892 [http-nio-8080-exec-3] [32mINFO [m com.yyj.codefarmcommunity.aspect.LogAspect - [API响应] 响应结果: com.yyj.codefarmcommunity.common.Result@32e4401d
2026-03-20 11:31:11.892 [http-nio-8080-exec-3] [32mINFO [m com.yyj.codefarmcommunity.aspect.LogAspect - [API响应] 执行时间: 14ms
2026-03-20 11:31:25.386 [http-nio-8080-exec-9] [32mINFO [m com.yyj.codefarmcommunity.aspect.LogAspect - [API请求] 请求路径: /api/user/count
2026-03-20 11:31:25.387 [http-nio-8080-exec-9] [32mINFO [m com.yyj.codefarmcommunity.aspect.LogAspect - [API请求] 请求方法: GET
2026-03-20 11:31:25.387 [http-nio-8080-exec-9] [32mINFO [m com.yyj.codefarmcommunity.aspect.LogAspect - [API请求] 客户端IP: 0:0:0:0:0:0:0:1
2026-03-20 11:31:25.387 [http-nio-8080-exec-9] [32mINFO [m com.yyj.codefarmcommunity.aspect.LogAspect - [API请求] 处理方法: com.yyj.codefarmcommunity.controller.SysAuthUserController.count
2026-03-20 11:31:25.388 [http-nio-8080-exec-9] [32mINFO [m com.yyj.codefarmcommunity.aspect.LogAspect - [API请求] 请求参数: []
2026-03-20 11:31:25.388 [http-nio-8080-exec-9] [32mINFO [m com.yyj.codefarmcommunity.aspect.ServiceLogAspect - [业务层] 方法调用开始: com.yyj.codefarmcommunity.service.impl.SysAuthUserServiceImpl.countUsers
2026-03-20 11:31:25.388 [http-nio-8080-exec-9] [32mINFO [m com.yyj.codefarmcommunity.aspect.ServiceLogAspect - [业务层] 方法参数: []
2026-03-20 11:31:25.394 [http-nio-8080-exec-9] [32mINFO [m com.yyj.codefarmcommunity.aspect.ServiceLogAspect - [业务层] 方法调用成功: com.yyj.codefarmcommunity.service.impl.SysAuthUserServiceImpl.countUsers
2026-03-20 11:31:25.395 [http-nio-8080-exec-9] [32mINFO [m com.yyj.codefarmcommunity.aspect.ServiceLogAspect - [业务层] 方法返回值: 5
2026-03-20 11:31:25.395 [http-nio-8080-exec-9] [32mINFO [m com.yyj.codefarmcommunity.aspect.ServiceLogAspect - [业务层] 执行时间: 6ms
2026-03-20 11:31:25.395 [http-nio-8080-exec-9] [32mINFO [m com.yyj.codefarmcommunity.aspect.LogAspect - [API响应] 处理方法: com.yyj.codefarmcommunity.controller.SysAuthUserController.count
2026-03-20 11:31:25.395 [http-nio-8080-exec-9] [32mINFO [m com.yyj.codefarmcommunity.aspect.LogAspect - [API响应] 响应结果: com.yyj.codefarmcommunity.common.Result@2298252d
2026-03-20 11:31:25.395 [http-nio-8080-exec-9] [32mINFO [m com.yyj.codefarmcommunity.aspect.LogAspect - [API响应] 执行时间: 9ms
2026-03-20 11:31:25.396 [http-nio-8080-exec-10] [32mINFO [m com.yyj.codefarmcommunity.aspect.LogAspect - [API请求] 请求路径: /api/me
2026-03-20 11:31:25.397 [http-nio-8080-exec-10] [32mINFO [m com.yyj.codefarmcommunity.aspect.LogAspect - [API请求] 请求方法: GET
2026-03-20 11:31:25.397 [http-nio-8080-exec-10] [32mINFO [m com.yyj.codefarmcommunity.aspect.LogAspect - [API请求] 客户端IP: 0:0:0:0:0:0:0:1
2026-03-20 11:31:25.397 [http-nio-8080-exec-10] [32mINFO [m com.yyj.codefarmcommunity.aspect.LogAspect - [API请求] 处理方法: com.yyj.codefarmcommunity.controller.AuthController.getCurrentUser
2026-03-20 11:31:25.398 [http-nio-8080-exec-10] [32mINFO [m com.yyj.codefarmcommunity.aspect.LogAspect - [API请求] 请求参数: [SecurityContextHolderAwareRequestWrapper[ org.springframework.security.web.header.HeaderWriterFilter$HeaderWriterRequest@33f0346]]
2026-03-20 11:31:25.406 [http-nio-8080-exec-10] [32mINFO [m com.yyj.codefarmcommunity.aspect.LogAspect - [API响应] 处理方法: com.yyj.codefarmcommunity.controller.AuthController.getCurrentUser
2026-03-20 11:31:25.406 [http-nio-8080-exec-10] [32mINFO [m com.yyj.codefarmcommunity.aspect.LogAspect - [API响应] 响应结果: com.yyj.codefarmcommunity.common.Result@6323814d
2026-03-20 11:31:25.406 [http-nio-8080-exec-10] [32mINFO [m com.yyj.codefarmcommunity.aspect.LogAspect - [API响应] 执行时间: 10ms
2026-03-20 11:31:25.449 [http-nio-8080-exec-7] [32mINFO [m com.yyj.codefarmcommunity.aspect.LogAspect - [API请求] 请求路径: /api/role/count
2026-03-20 11:31:25.450 [http-nio-8080-exec-7] [32mINFO [m com.yyj.codefarmcommunity.aspect.LogAspect - [API请求] 请求方法: GET
2026-03-20 11:31:25.450 [http-nio-8080-exec-7] [32mINFO [m com.yyj.codefarmcommunity.aspect.LogAspect - [API请求] 客户端IP: 0:0:0:0:0:0:0:1
2026-03-20 11:31:25.451 [http-nio-8080-exec-7] [32mINFO [m com.yyj.codefarmcommunity.aspect.LogAspect - [API请求] 处理方法: com.yyj.codefarmcommunity.controller.SysAuthRoleController.count
2026-03-20 11:31:25.451 [http-nio-8080-exec-7] [32mINFO [m com.yyj.codefarmcommunity.aspect.LogAspect - [API请求] 请求参数: []
2026-03-20 11:31:25.451 [http-nio-8080-exec-7] [32mINFO [m com.yyj.codefarmcommunity.aspect.ServiceLogAspect - [业务层] 方法调用开始: com.yyj.codefarmcommunity.service.impl.SysAuthRoleServiceImpl.countRoles
2026-03-20 11:31:25.451 [http-nio-8080-exec-7] [32mINFO [m com.yyj.codefarmcommunity.aspect.ServiceLogAspect - [业务层] 方法参数: []
2026-03-20 11:31:25.458 [http-nio-8080-exec-7] [32mINFO [m com.yyj.codefarmcommunity.aspect.ServiceLogAspect - [业务层] 方法调用成功: com.yyj.codefarmcommunity.service.impl.SysAuthRoleServiceImpl.countRoles
2026-03-20 11:31:25.458 [http-nio-8080-exec-7] [32mINFO [m com.yyj.codefarmcommunity.aspect.ServiceLogAspect - [业务层] 方法返回值: 3
2026-03-20 11:31:25.458 [http-nio-8080-exec-7] [32mINFO [m com.yyj.codefarmcommunity.aspect.ServiceLogAspect - [业务层] 执行时间: 7ms
2026-03-20 11:31:25.458 [http-nio-8080-exec-7] [32mINFO [m com.yyj.codefarmcommunity.aspect.LogAspect - [API响应] 处理方法: com.yyj.codefarmcommunity.controller.SysAuthRoleController.count
2026-03-20 11:31:25.458 [http-nio-8080-exec-7] [32mINFO [m com.yyj.codefarmcommunity.aspect.LogAspect - [API响应] 响应结果: com.yyj.codefarmcommunity.common.Result@556113d1
2026-03-20 11:31:25.459 [http-nio-8080-exec-7] [32mINFO [m com.yyj.codefarmcommunity.aspect.LogAspect - [API响应] 执行时间: 9ms
2026-03-20 11:31:25.555 [http-nio-8080-exec-1] [32mINFO [m com.yyj.codefarmcommunity.aspect.LogAspect - [API请求] 请求路径: /api/permission/count
2026-03-20 11:31:25.555 [http-nio-8080-exec-1] [32mINFO [m com.yyj.codefarmcommunity.aspect.LogAspect - [API请求] 请求方法: GET
2026-03-20 11:31:25.555 [http-nio-8080-exec-1] [32mINFO [m com.yyj.codefarmcommunity.aspect.LogAspect - [API请求] 客户端IP: 0:0:0:0:0:0:0:1
2026-03-20 11:31:25.555 [http-nio-8080-exec-1] [32mINFO [m com.yyj.codefarmcommunity.aspect.LogAspect - [API请求] 处理方法: com.yyj.codefarmcommunity.controller.SysAuthPermissionController.count
2026-03-20 11:31:25.557 [http-nio-8080-exec-1] [32mINFO [m com.yyj.codefarmcommunity.aspect.LogAspect - [API请求] 请求参数: []
2026-03-20 11:31:25.557 [http-nio-8080-exec-1] [32mINFO [m com.yyj.codefarmcommunity.aspect.ServiceLogAspect - [业务层] 方法调用开始: com.yyj.codefarmcommunity.service.impl.SysAuthPermissionServiceImpl.countPermissions
2026-03-20 11:31:25.558 [http-nio-8080-exec-1] [32mINFO [m com.yyj.codefarmcommunity.aspect.ServiceLogAspect - [业务层] 方法参数: []
2026-03-20 11:31:25.558 [http-nio-8080-exec-1] [32mINFO [m com.yyj.codefarmcommunity.service.impl.SysAuthPermissionServiceImpl - 统计权限总数
2026-03-20 11:31:25.587 [http-nio-8080-exec-1] [32mINFO [m com.yyj.codefarmcommunity.service.impl.SysAuthPermissionServiceImpl - 权限总数：16
2026-03-20 11:31:25.588 [http-nio-8080-exec-1] [32mINFO [m com.yyj.codefarmcommunity.aspect.ServiceLogAspect - [业务层] 方法调用成功: com.yyj.codefarmcommunity.service.impl.SysAuthPermissionServiceImpl.countPermissions
2026-03-20 11:31:25.588 [http-nio-8080-exec-1] [32mINFO [m com.yyj.codefarmcommunity.aspect.ServiceLogAspect - [业务层] 方法返回值: 16
2026-03-20 11:31:25.588 [http-nio-8080-exec-1] [32mINFO [m com.yyj.codefarmcommunity.aspect.ServiceLogAspect - [业务层] 执行时间: 31ms
2026-03-20 11:31:25.588 [http-nio-8080-exec-1] [32mINFO [m com.yyj.codefarmcommunity.aspect.LogAspect - [API响应] 处理方法: com.yyj.codefarmcommunity.controller.SysAuthPermissionController.count
2026-03-20 11:31:25.588 [http-nio-8080-exec-1] [32mINFO [m com.yyj.codefarmcommunity.aspect.LogAspect - [API响应] 响应结果: com.yyj.codefarmcommunity.common.Result@33bd7be1
2026-03-20 11:31:25.588 [http-nio-8080-exec-1] [32mINFO [m com.yyj.codefarmcommunity.aspect.LogAspect - [API响应] 执行时间: 33ms
2026-03-20 11:31:28.272 [http-nio-8080-exec-8] [32mINFO [m com.yyj.codefarmcommunity.aspect.LogAspect - [API请求] 请求路径: /api/user/list
2026-03-20 11:31:28.272 [http-nio-8080-exec-8] [32mINFO [m com.yyj.codefarmcommunity.aspect.LogAspect - [API请求] 请求方法: GET
2026-03-20 11:31:28.272 [http-nio-8080-exec-8] [32mINFO [m com.yyj.codefarmcommunity.aspect.LogAspect - [API请求] 客户端IP: 0:0:0:0:0:0:0:1
2026-03-20 11:31:28.272 [http-nio-8080-exec-8] [32mINFO [m com.yyj.codefarmcommunity.aspect.LogAspect - [API请求] 处理方法: com.yyj.codefarmcommunity.controller.SysAuthUserController.list
2026-03-20 11:31:28.274 [http-nio-8080-exec-8] [32mINFO [m com.yyj.codefarmcommunity.aspect.LogAspect - [API请求] 请求参数: [1, 10]
2026-03-20 11:31:28.274 [http-nio-8080-exec-8] [32mINFO [m com.yyj.codefarmcommunity.aspect.ServiceLogAspect - [业务层] 方法调用开始: com.yyj.codefarmcommunity.service.impl.SysAuthUserServiceImpl.listUsers
2026-03-20 11:31:28.275 [http-nio-8080-exec-8] [32mINFO [m com.yyj.codefarmcommunity.aspect.ServiceLogAspect - [业务层] 方法参数: [1, 10]
2026-03-20 11:31:28.599 [http-nio-8080-exec-8] [32mINFO [m com.yyj.codefarmcommunity.aspect.ServiceLogAspect - [业务层] 方法调用成功: com.yyj.codefarmcommunity.service.impl.SysAuthUserServiceImpl.listUsers
2026-03-20 11:31:28.599 [http-nio-8080-exec-8] [32mINFO [m com.yyj.codefarmcommunity.aspect.ServiceLogAspect - [业务层] 方法返回值: Page{records=[SysAuthUser [Hash = 488989539, id=1, userName=admin, nickName=管理员, email=admin@codefarm.com, phone=13800138000, password=$2a$10$xx5EOKCKOEOpSIWMQi8CSudWtnznQAQJpk9/bBbW2rLO/r/6JVcKi, sex=null, avatar=null, status=0, introduce=null, extJson=null, createdBy=system, createdTime=2026-03-18T03:27:40, updateBy=null, updateTime=null, isDeleted=0, serialVersionUID=1], SysAuthUser [Hash = 361150836, id=2, userName=user, nickName=普通用户, email=user@codefarm.com, phone=13800138001, password=$2a$10$tIl2NdPwcrxNe8hRm6Owy.APtLCmlPUGP8fwiGgX2ILOJVDYd/B7a, sex=null, avatar=null, status=0, introduce=null, extJson=null, createdBy=system, createdTime=2026-03-18T03:27:40, updateBy=null, updateTime=null, isDeleted=0, serialVersionUID=1], SysAuthUser [Hash = 278019890, id=3, userName=yyj, nickName=string, email=string, phone=string, password=$2a$10$XnmipUAsnkLVQK.MTH126utUwsyrMhhg8QfOFVLzCi6ucOF5vz0Ue, sex=null, avatar=null, status=0, introduce=null, extJson=null, createdBy=null, createdTime=null, updateBy=null, updateTime=null, isDeleted=0, serialVersionUID=1], SysAuthUser [Hash = 2058046419, id=5, userName=yyj3, nickName=1234, email=jxyyj20021120@gmail.com, phone=null, password=$2a$10$0cuOSM0lV0dsmB0yNhexmOGm0ps4zMwOG6bDrF4d2iwvdT2/y68rS, sex=null, avatar=null, status=0, introduce=null, extJson=null, createdBy=null, createdTime=null, updateBy=null, updateTime=null, isDeleted=0, serialVersionUID=1], SysAuthUser [Hash = 1792603003, id=7, userName=string1, nickName=string, email=string, phone=string, password=$2a$10$fGz6/0lSWwNCvm80fmDSDOWr7r5eY/J.g9aMFNaQQwR04pGNJhEiO, sex=null, avatar=null, status=0, introduce=null, extJson=null, createdBy=null, createdTime=null, updateBy=null, updateTime=null, isDeleted=0, serialVersionUID=1]], total=5, size=10, current=1, orders=[], optimizeCountSql=true, searchCount=true, optimizeJoinOfCountSql=true, maxLimit=null, countId='null'}
2026-03-20 11:31:28.603 [http-nio-8080-exec-8] [32mINFO [m com.yyj.codefarmcommunity.aspect.ServiceLogAspect - [业务层] 执行时间: 325ms
2026-03-20 11:31:28.603 [http-nio-8080-exec-8] [32mINFO [m com.yyj.codefarmcommunity.aspect.LogAspect - [API响应] 处理方法: com.yyj.codefarmcommunity.controller.SysAuthUserController.list
2026-03-20 11:31:28.603 [http-nio-8080-exec-8] [32mINFO [m com.yyj.codefarmcommunity.aspect.LogAspect - [API响应] 响应结果: com.yyj.codefarmcommunity.common.Result@3370f804
2026-03-20 11:31:28.603 [http-nio-8080-exec-8] [32mINFO [m com.yyj.codefarmcommunity.aspect.LogAspect - [API响应] 执行时间: 331ms
2026-03-20 11:31:41.766 [http-nio-8080-exec-5] [32mINFO [m com.yyj.codefarmcommunity.aspect.LogAspect - [API请求] 请求路径: /api/role/list
2026-03-20 11:31:41.766 [http-nio-8080-exec-5] [32mINFO [m com.yyj.codefarmcommunity.aspect.LogAspect - [API请求] 请求方法: GET
2026-03-20 11:31:41.766 [http-nio-8080-exec-5] [32mINFO [m com.yyj.codefarmcommunity.aspect.LogAspect - [API请求] 客户端IP: 0:0:0:0:0:0:0:1
2026-03-20 11:31:41.767 [http-nio-8080-exec-5] [32mINFO [m com.yyj.codefarmcommunity.aspect.LogAspect - [API请求] 处理方法: com.yyj.codefarmcommunity.controller.SysAuthRoleController.list
2026-03-20 11:31:41.767 [http-nio-8080-exec-5] [32mINFO [m com.yyj.codefarmcommunity.aspect.LogAspect - [API请求] 请求参数: [1, 10]
2026-03-20 11:31:41.813 [http-nio-8080-exec-5] [32mINFO [m com.yyj.codefarmcommunity.aspect.LogAspect - [API响应] 处理方法: com.yyj.codefarmcommunity.controller.SysAuthRoleController.list
2026-03-20 11:31:41.813 [http-nio-8080-exec-5] [32mINFO [m com.yyj.codefarmcommunity.aspect.LogAspect - [API响应] 响应结果: com.yyj.codefarmcommunity.common.Result@3b1b474d
2026-03-20 11:31:41.813 [http-nio-8080-exec-5] [32mINFO [m com.yyj.codefarmcommunity.aspect.LogAspect - [API响应] 执行时间: 47ms
2026-03-20 11:31:43.866 [http-nio-8080-exec-4] [32mINFO [m com.yyj.codefarmcommunity.aspect.LogAspect - [API请求] 请求路径: /api/permission/list
2026-03-20 11:31:43.866 [http-nio-8080-exec-4] [32mINFO [m com.yyj.codefarmcommunity.aspect.LogAspect - [API请求] 请求方法: GET
2026-03-20 11:31:43.868 [http-nio-8080-exec-4] [32mINFO [m com.yyj.codefarmcommunity.aspect.LogAspect - [API请求] 客户端IP: 0:0:0:0:0:0:0:1
2026-03-20 11:31:43.869 [http-nio-8080-exec-4] [32mINFO [m com.yyj.codefarmcommunity.aspect.LogAspect - [API请求] 处理方法: com.yyj.codefarmcommunity.controller.SysAuthPermissionController.list
2026-03-20 11:31:43.869 [http-nio-8080-exec-4] [32mINFO [m com.yyj.codefarmcommunity.aspect.LogAspect - [API请求] 请求参数: [1, 10]
2026-03-20 11:31:43.869 [http-nio-8080-exec-4] [32mINFO [m com.yyj.codefarmcommunity.aspect.ServiceLogAspect - [业务层] 方法调用开始: com.yyj.codefarmcommunity.service.impl.SysAuthPermissionServiceImpl.listPermissions
2026-03-20 11:31:43.869 [http-nio-8080-exec-4] [32mINFO [m com.yyj.codefarmcommunity.aspect.ServiceLogAspect - [业务层] 方法参数: [1, 10]
2026-03-20 11:31:43.870 [http-nio-8080-exec-4] [32mINFO [m com.yyj.codefarmcommunity.service.impl.SysAuthPermissionServiceImpl - 分页查询权限列表，页码：1，每页大小：10
2026-03-20 11:31:43.925 [http-nio-8080-exec-4] [32mINFO [m com.yyj.codefarmcommunity.aspect.ServiceLogAspect - [业务层] 方法调用成功: com.yyj.codefarmcommunity.service.impl.SysAuthPermissionServiceImpl.listPermissions
2026-03-20 11:31:43.926 [http-nio-8080-exec-4] [32mINFO [m com.yyj.codefarmcommunity.aspect.ServiceLogAspect - [业务层] 方法返回值: Page{records=[SysAuthPermission [Hash = -1655441923, id=1, name=系统管理, parentId=0, orderNum=1, type=0, menuUrl=/system, component=system/index, status=0, show=0, icon=system, permissionKey=system:manage, createdBy=system, createdTime=2026-03-18T03:27:40, updateBy=null, updateTime=null, isDeleted=0, serialVersionUID=1], SysAuthPermission [Hash = -1433229077, id=2, name=用户管理, parentId=1, orderNum=1, type=0, menuUrl=/system/user, component=system/user/index, status=0, show=0, icon=user, permissionKey=system:user:manage, createdBy=system, createdTime=2026-03-18T03:27:40, updateBy=null, updateTime=null, isDeleted=0, serialVersionUID=1], SysAuthPermission [Hash = -1065721374, id=3, name=用户列表, parentId=2, orderNum=1, type=1, menuUrl=, component=, status=0, show=0, icon=, permissionKey=system:user:list, createdBy=system, createdTime=2026-03-18T03:27:40, updateBy=null, updateTime=null, isDeleted=0, serialVersionUID=1], SysAuthPermission [Hash = 1968994555, id=4, name=用户添加, parentId=2, orderNum=2, type=1, menuUrl=, component=, status=0, show=0, icon=, permissionKey=system:user:add, createdBy=system, createdTime=2026-03-18T03:27:40, updateBy=null, updateTime=null, isDeleted=0, serialVersionUID=1], SysAuthPermission [Hash = 1624969536, id=5, name=用户编辑, parentId=2, orderNum=3, type=1, menuUrl=, component=, status=0, show=0, icon=, permissionKey=system:user:edit, createdBy=system, createdTime=2026-03-18T03:27:40, updateBy=null, updateTime=null, isDeleted=0, serialVersionUID=1], SysAuthPermission [Hash = 92867816, id=6, name=用户删除, parentId=2, orderNum=4, type=1, menuUrl=, component=, status=0, show=0, icon=, permissionKey=system:user:delete, createdBy=system, createdTime=2026-03-18T03:27:40, updateBy=null, updateTime=null, isDeleted=0, serialVersionUID=1], SysAuthPermission [Hash = 1270747918, id=7, name=角色管理, parentId=1, orderNum=2, type=0, menuUrl=/system/role, component=system/role/index, status=0, show=0, icon=role, permissionKey=system:role:manage, createdBy=system, createdTime=2026-03-18T03:27:40, updateBy=null, updateTime=null, isDeleted=0, serialVersionUID=1], SysAuthPermission [Hash = -1716354796, id=8, name=角色列表, parentId=7, orderNum=1, type=1, menuUrl=, component=, status=0, show=0, icon=, permissionKey=system:role:list, createdBy=system, createdTime=2026-03-18T03:27:40, updateBy=null, updateTime=null, isDeleted=0, serialVersionUID=1], SysAuthPermission [Hash = -936240905, id=9, name=角色添加, parentId=7, orderNum=2, type=1, menuUrl=, component=, status=0, show=0, icon=, permissionKey=system:role:add, createdBy=system, createdTime=2026-03-18T03:27:40, updateBy=null, updateTime=null, isDeleted=0, serialVersionUID=1], SysAuthPermission [Hash = 974336114, id=10, name=角色编辑, parentId=7, orderNum=3, type=1, menuUrl=, component=, status=0, show=0, icon=, permissionKey=system:role:edit, createdBy=system, createdTime=2026-03-18T03:27:40, updateBy=null, updateTime=null, isDeleted=0, serialVersionUID=1]], total=16, size=10, current=1, orders=[], optimizeCountSql=true, searchCount=true, optimizeJoinOfCountSql=true, maxLimit=null, countId='null'}
2026-03-20 11:31:43.933 [http-nio-8080-exec-4] [32mINFO [m com.yyj.codefarmcommunity.aspect.ServiceLogAspect - [业务层] 执行时间: 56ms
2026-03-20 11:31:43.933 [http-nio-8080-exec-4] [32mINFO [m com.yyj.codefarmcommunity.aspect.LogAspect - [API响应] 处理方法: com.yyj.codefarmcommunity.controller.SysAuthPermissionController.list
2026-03-20 11:31:43.933 [http-nio-8080-exec-4] [32mINFO [m com.yyj.codefarmcommunity.aspect.LogAspect - [API响应] 响应结果: com.yyj.codefarmcommunity.common.Result@373b5e9b
2026-03-20 11:31:43.933 [http-nio-8080-exec-4] [32mINFO [m com.yyj.codefarmcommunity.aspect.LogAspect - [API响应] 执行时间: 67ms
2026-03-20 11:33:47.367 [http-nio-8080-exec-3] [32mINFO [m com.yyj.codefarmcommunity.aspect.LogAspect - [API请求] 请求路径: /api/me
2026-03-20 11:33:47.367 [http-nio-8080-exec-3] [32mINFO [m com.yyj.codefarmcommunity.aspect.LogAspect - [API请求] 请求方法: GET
2026-03-20 11:33:47.371 [http-nio-8080-exec-6] [32mINFO [m com.yyj.codefarmcommunity.aspect.LogAspect - [API请求] 请求路径: /api/permission/list
2026-03-20 11:33:47.372 [http-nio-8080-exec-6] [32mINFO [m com.yyj.codefarmcommunity.aspect.LogAspect - [API请求] 请求方法: GET
2026-03-20 11:33:47.372 [http-nio-8080-exec-6] [32mINFO [m com.yyj.codefarmcommunity.aspect.LogAspect - [API请求] 客户端IP: 0:0:0:0:0:0:0:1
2026-03-20 11:33:47.372 [http-nio-8080-exec-6] [32mINFO [m com.yyj.codefarmcommunity.aspect.LogAspect - [API请求] 处理方法: com.yyj.codefarmcommunity.controller.SysAuthPermissionController.list
2026-03-20 11:33:47.372 [http-nio-8080-exec-6] [32mINFO [m com.yyj.codefarmcommunity.aspect.LogAspect - [API请求] 请求参数: [1, 10]
2026-03-20 11:33:47.372 [http-nio-8080-exec-6] [32mINFO [m com.yyj.codefarmcommunity.aspect.ServiceLogAspect - [业务层] 方法调用开始: com.yyj.codefarmcommunity.service.impl.SysAuthPermissionServiceImpl.listPermissions
2026-03-20 11:33:47.372 [http-nio-8080-exec-6] [32mINFO [m com.yyj.codefarmcommunity.aspect.ServiceLogAspect - [业务层] 方法参数: [1, 10]
2026-03-20 11:33:47.372 [http-nio-8080-exec-6] [32mINFO [m com.yyj.codefarmcommunity.service.impl.SysAuthPermissionServiceImpl - 分页查询权限列表，页码：1，每页大小：10
2026-03-20 11:33:47.375 [http-nio-8080-exec-3] [32mINFO [m com.yyj.codefarmcommunity.aspect.LogAspect - [API请求] 客户端IP: 0:0:0:0:0:0:0:1
2026-03-20 11:33:47.375 [http-nio-8080-exec-3] [32mINFO [m com.yyj.codefarmcommunity.aspect.LogAspect - [API请求] 处理方法: com.yyj.codefarmcommunity.controller.AuthController.getCurrentUser
2026-03-20 11:33:47.375 [http-nio-8080-exec-3] [32mINFO [m com.yyj.codefarmcommunity.aspect.LogAspect - [API请求] 请求参数: [SecurityContextHolderAwareRequestWrapper[ org.springframework.security.web.header.HeaderWriterFilter$HeaderWriterRequest@125dfb75]]
2026-03-20 11:33:47.384 [http-nio-8080-exec-3] [32mINFO [m com.yyj.codefarmcommunity.aspect.LogAspect - [API响应] 处理方法: com.yyj.codefarmcommunity.controller.AuthController.getCurrentUser
2026-03-20 11:33:47.385 [http-nio-8080-exec-3] [32mINFO [m com.yyj.codefarmcommunity.aspect.LogAspect - [API响应] 响应结果: com.yyj.codefarmcommunity.common.Result@3f6b4186
2026-03-20 11:33:47.385 [http-nio-8080-exec-3] [32mINFO [m com.yyj.codefarmcommunity.aspect.LogAspect - [API响应] 执行时间: 17ms
2026-03-20 11:33:47.497 [http-nio-8080-exec-6] [32mINFO [m com.yyj.codefarmcommunity.aspect.ServiceLogAspect - [业务层] 方法调用成功: com.yyj.codefarmcommunity.service.impl.SysAuthPermissionServiceImpl.listPermissions
2026-03-20 11:33:47.499 [http-nio-8080-exec-6] [32mINFO [m com.yyj.codefarmcommunity.aspect.ServiceLogAspect - [业务层] 方法返回值: Page{records=[SysAuthPermission [Hash = -1655441923, id=1, name=系统管理, parentId=0, orderNum=1, type=0, menuUrl=/system, component=system/index, status=0, show=0, icon=system, permissionKey=system:manage, createdBy=system, createdTime=2026-03-18T03:27:40, updateBy=null, updateTime=null, isDeleted=0, serialVersionUID=1], SysAuthPermission [Hash = -1433229077, id=2, name=用户管理, parentId=1, orderNum=1, type=0, menuUrl=/system/user, component=system/user/index, status=0, show=0, icon=user, permissionKey=system:user:manage, createdBy=system, createdTime=2026-03-18T03:27:40, updateBy=null, updateTime=null, isDeleted=0, serialVersionUID=1], SysAuthPermission [Hash = -1065721374, id=3, name=用户列表, parentId=2, orderNum=1, type=1, menuUrl=, component=, status=0, show=0, icon=, permissionKey=system:user:list, createdBy=system, createdTime=2026-03-18T03:27:40, updateBy=null, updateTime=null, isDeleted=0, serialVersionUID=1], SysAuthPermission [Hash = 1968994555, id=4, name=用户添加, parentId=2, orderNum=2, type=1, menuUrl=, component=, status=0, show=0, icon=, permissionKey=system:user:add, createdBy=system, createdTime=2026-03-18T03:27:40, updateBy=null, updateTime=null, isDeleted=0, serialVersionUID=1], SysAuthPermission [Hash = 1624969536, id=5, name=用户编辑, parentId=2, orderNum=3, type=1, menuUrl=, component=, status=0, show=0, icon=, permissionKey=system:user:edit, createdBy=system, createdTime=2026-03-18T03:27:40, updateBy=null, updateTime=null, isDeleted=0, serialVersionUID=1], SysAuthPermission [Hash = 92867816, id=6, name=用户删除, parentId=2, orderNum=4, type=1, menuUrl=, component=, status=0, show=0, icon=, permissionKey=system:user:delete, createdBy=system, createdTime=2026-03-18T03:27:40, updateBy=null, updateTime=null, isDeleted=0, serialVersionUID=1], SysAuthPermission [Hash = 1270747918, id=7, name=角色管理, parentId=1, orderNum=2, type=0, menuUrl=/system/role, component=system/role/index, status=0, show=0, icon=role, permissionKey=system:role:manage, createdBy=system, createdTime=2026-03-18T03:27:40, updateBy=null, updateTime=null, isDeleted=0, serialVersionUID=1], SysAuthPermission [Hash = -1716354796, id=8, name=角色列表, parentId=7, orderNum=1, type=1, menuUrl=, component=, status=0, show=0, icon=, permissionKey=system:role:list, createdBy=system, createdTime=2026-03-18T03:27:40, updateBy=null, updateTime=null, isDeleted=0, serialVersionUID=1], SysAuthPermission [Hash = -936240905, id=9, name=角色添加, parentId=7, orderNum=2, type=1, menuUrl=, component=, status=0, show=0, icon=, permissionKey=system:role:add, createdBy=system, createdTime=2026-03-18T03:27:40, updateBy=null, updateTime=null, isDeleted=0, serialVersionUID=1], SysAuthPermission [Hash = 974336114, id=10, name=角色编辑, parentId=7, orderNum=3, type=1, menuUrl=, component=, status=0, show=0, icon=, permissionKey=system:role:edit, createdBy=system, createdTime=2026-03-18T03:27:40, updateBy=null, updateTime=null, isDeleted=0, serialVersionUID=1]], total=16, size=10, current=1, orders=[], optimizeCountSql=true, searchCount=true, optimizeJoinOfCountSql=true, maxLimit=null, countId='null'}
2026-03-20 11:33:47.503 [http-nio-8080-exec-6] [32mINFO [m com.yyj.codefarmcommunity.aspect.ServiceLogAspect - [业务层] 执行时间: 125ms
2026-03-20 11:33:47.504 [http-nio-8080-exec-6] [32mINFO [m com.yyj.codefarmcommunity.aspect.LogAspect - [API响应] 处理方法: com.yyj.codefarmcommunity.controller.SysAuthPermissionController.list
2026-03-20 11:33:47.504 [http-nio-8080-exec-6] [32mINFO [m com.yyj.codefarmcommunity.aspect.LogAspect - [API响应] 响应结果: com.yyj.codefarmcommunity.common.Result@1df55c64
2026-03-20 11:33:47.504 [http-nio-8080-exec-6] [32mINFO [m com.yyj.codefarmcommunity.aspect.LogAspect - [API响应] 执行时间: 133ms
2026-03-20 11:33:59.276 [http-nio-8080-exec-9] [32mINFO [m com.yyj.codefarmcommunity.aspect.LogAspect - [API请求] 请求路径: /api/me
2026-03-20 11:33:59.276 [http-nio-8080-exec-2] [32mINFO [m com.yyj.codefarmcommunity.aspect.LogAspect - [API请求] 请求路径: /api/permission/list
2026-03-20 11:33:59.281 [http-nio-8080-exec-2] [32mINFO [m com.yyj.codefarmcommunity.aspect.LogAspect - [API请求] 请求方法: GET
2026-03-20 11:33:59.281 [http-nio-8080-exec-2] [32mINFO [m com.yyj.codefarmcommunity.aspect.LogAspect - [API请求] 客户端IP: 0:0:0:0:0:0:0:1
2026-03-20 11:33:59.281 [http-nio-8080-exec-2] [32mINFO [m com.yyj.codefarmcommunity.aspect.LogAspect - [API请求] 处理方法: com.yyj.codefarmcommunity.controller.SysAuthPermissionController.list
2026-03-20 11:33:59.281 [http-nio-8080-exec-2] [32mINFO [m com.yyj.codefarmcommunity.aspect.LogAspect - [API请求] 请求参数: [1, 10]
2026-03-20 11:33:59.282 [http-nio-8080-exec-2] [32mINFO [m com.yyj.codefarmcommunity.aspect.ServiceLogAspect - [业务层] 方法调用开始: com.yyj.codefarmcommunity.service.impl.SysAuthPermissionServiceImpl.listPermissions
2026-03-20 11:33:59.282 [http-nio-8080-exec-2] [32mINFO [m com.yyj.codefarmcommunity.aspect.ServiceLogAspect - [业务层] 方法参数: [1, 10]
2026-03-20 11:33:59.282 [http-nio-8080-exec-2] [32mINFO [m com.yyj.codefarmcommunity.service.impl.SysAuthPermissionServiceImpl - 分页查询权限列表，页码：1，每页大小：10
2026-03-20 11:33:59.280 [http-nio-8080-exec-9] [32mINFO [m com.yyj.codefarmcommunity.aspect.LogAspect - [API请求] 请求方法: GET
2026-03-20 11:33:59.282 [http-nio-8080-exec-9] [32mINFO [m com.yyj.codefarmcommunity.aspect.LogAspect - [API请求] 客户端IP: 0:0:0:0:0:0:0:1
2026-03-20 11:33:59.285 [http-nio-8080-exec-9] [32mINFO [m com.yyj.codefarmcommunity.aspect.LogAspect - [API请求] 处理方法: com.yyj.codefarmcommunity.controller.AuthController.getCurrentUser
2026-03-20 11:33:59.285 [http-nio-8080-exec-9] [32mINFO [m com.yyj.codefarmcommunity.aspect.LogAspect - [API请求] 请求参数: [SecurityContextHolderAwareRequestWrapper[ org.springframework.security.web.header.HeaderWriterFilter$HeaderWriterRequest@21a263ba]]
2026-03-20 11:33:59.285 [http-nio-8080-exec-9] [32mINFO [m com.yyj.codefarmcommunity.aspect.LogAspect - [API响应] 处理方法: com.yyj.codefarmcommunity.controller.AuthController.getCurrentUser
2026-03-20 11:33:59.287 [http-nio-8080-exec-9] [32mINFO [m com.yyj.codefarmcommunity.aspect.LogAspect - [API响应] 响应结果: com.yyj.codefarmcommunity.common.Result@370dc3
2026-03-20 11:33:59.287 [http-nio-8080-exec-9] [32mINFO [m com.yyj.codefarmcommunity.aspect.LogAspect - [API响应] 执行时间: 9ms
2026-03-20 11:33:59.304 [http-nio-8080-exec-2] [32mINFO [m com.yyj.codefarmcommunity.aspect.ServiceLogAspect - [业务层] 方法调用成功: com.yyj.codefarmcommunity.service.impl.SysAuthPermissionServiceImpl.listPermissions
2026-03-20 11:33:59.305 [http-nio-8080-exec-2] [32mINFO [m com.yyj.codefarmcommunity.aspect.ServiceLogAspect - [业务层] 方法返回值: Page{records=[SysAuthPermission [Hash = -1655441923, id=1, name=系统管理, parentId=0, orderNum=1, type=0, menuUrl=/system, component=system/index, status=0, show=0, icon=system, permissionKey=system:manage, createdBy=system, createdTime=2026-03-18T03:27:40, updateBy=null, updateTime=null, isDeleted=0, serialVersionUID=1], SysAuthPermission [Hash = -1433229077, id=2, name=用户管理, parentId=1, orderNum=1, type=0, menuUrl=/system/user, component=system/user/index, status=0, show=0, icon=user, permissionKey=system:user:manage, createdBy=system, createdTime=2026-03-18T03:27:40, updateBy=null, updateTime=null, isDeleted=0, serialVersionUID=1], SysAuthPermission [Hash = -1065721374, id=3, name=用户列表, parentId=2, orderNum=1, type=1, menuUrl=, component=, status=0, show=0, icon=, permissionKey=system:user:list, createdBy=system, createdTime=2026-03-18T03:27:40, updateBy=null, updateTime=null, isDeleted=0, serialVersionUID=1], SysAuthPermission [Hash = 1968994555, id=4, name=用户添加, parentId=2, orderNum=2, type=1, menuUrl=, component=, status=0, show=0, icon=, permissionKey=system:user:add, createdBy=system, createdTime=2026-03-18T03:27:40, updateBy=null, updateTime=null, isDeleted=0, serialVersionUID=1], SysAuthPermission [Hash = 1624969536, id=5, name=用户编辑, parentId=2, orderNum=3, type=1, menuUrl=, component=, status=0, show=0, icon=, permissionKey=system:user:edit, createdBy=system, createdTime=2026-03-18T03:27:40, updateBy=null, updateTime=null, isDeleted=0, serialVersionUID=1], SysAuthPermission [Hash = 92867816, id=6, name=用户删除, parentId=2, orderNum=4, type=1, menuUrl=, component=, status=0, show=0, icon=, permissionKey=system:user:delete, createdBy=system, createdTime=2026-03-18T03:27:40, updateBy=null, updateTime=null, isDeleted=0, serialVersionUID=1], SysAuthPermission [Hash = 1270747918, id=7, name=角色管理, parentId=1, orderNum=2, type=0, menuUrl=/system/role, component=system/role/index, status=0, show=0, icon=role, permissionKey=system:role:manage, createdBy=system, createdTime=2026-03-18T03:27:40, updateBy=null, updateTime=null, isDeleted=0, serialVersionUID=1], SysAuthPermission [Hash = -1716354796, id=8, name=角色列表, parentId=7, orderNum=1, type=1, menuUrl=, component=, status=0, show=0, icon=, permissionKey=system:role:list, createdBy=system, createdTime=2026-03-18T03:27:40, updateBy=null, updateTime=null, isDeleted=0, serialVersionUID=1], SysAuthPermission [Hash = -936240905, id=9, name=角色添加, parentId=7, orderNum=2, type=1, menuUrl=, component=, status=0, show=0, icon=, permissionKey=system:role:add, createdBy=system, createdTime=2026-03-18T03:27:40, updateBy=null, updateTime=null, isDeleted=0, serialVersionUID=1], SysAuthPermission [Hash = 974336114, id=10, name=角色编辑, parentId=7, orderNum=3, type=1, menuUrl=, component=, status=0, show=0, icon=, permissionKey=system:role:edit, createdBy=system, createdTime=2026-03-18T03:27:40, updateBy=null, updateTime=null, isDeleted=0, serialVersionUID=1]], total=16, size=10, current=1, orders=[], optimizeCountSql=true, searchCount=true, optimizeJoinOfCountSql=true, maxLimit=null, countId='null'}
2026-03-20 11:33:59.305 [http-nio-8080-exec-2] [32mINFO [m com.yyj.codefarmcommunity.aspect.ServiceLogAspect - [业务层] 执行时间: 22ms
2026-03-20 11:33:59.306 [http-nio-8080-exec-2] [32mINFO [m com.yyj.codefarmcommunity.aspect.LogAspect - [API响应] 处理方法: com.yyj.codefarmcommunity.controller.SysAuthPermissionController.list
2026-03-20 11:33:59.306 [http-nio-8080-exec-2] [32mINFO [m com.yyj.codefarmcommunity.aspect.LogAspect - [API响应] 响应结果: com.yyj.codefarmcommunity.common.Result@1841b7eb
2026-03-20 11:33:59.306 [http-nio-8080-exec-2] [32mINFO [m com.yyj.codefarmcommunity.aspect.LogAspect - [API响应] 执行时间: 30ms
2026-03-20 11:42:39.367 [SpringApplicationShutdownHook] [32mINFO [m org.springframework.boot.tomcat.GracefulShutdown - Commencing graceful shutdown. Waiting for active requests to complete
2026-03-20 11:42:39.392 [tomcat-shutdown] [32mINFO [m org.springframework.boot.tomcat.GracefulShutdown - Graceful shutdown complete
2026-03-20 11:42:39.407 [SpringApplicationShutdownHook] [32mINFO [m com.zaxxer.hikari.HikariDataSource - HikariPool-1 - Shutdown initiated...
2026-03-20 11:42:39.423 [SpringApplicationShutdownHook] [32mINFO [m com.zaxxer.hikari.HikariDataSource - HikariPool-1 - Shutdown completed.
2026-03-20 16:43:52.347 [main] [32mINFO [m org.springframework.test.context.support.AnnotationConfigContextLoaderUtils - Could not detect default configuration classes for test class [com.yyj.codefarmcommunity.CodeFarmCommunityApplicationTests]: CodeFarmCommunityApplicationTests does not declare any static, non-private, non-final, nested classes annotated with @Configuration.
2026-03-20 16:43:53.212 [main] [32mINFO [m org.springframework.boot.test.context.SpringBootTestContextBootstrapper - Found @SpringBootConfiguration com.yyj.codefarmcommunity.CodeFarmCommunityApplication for test class com.yyj.codefarmcommunity.CodeFarmCommunityApplicationTests
2026-03-20 16:43:55.715 [main] [32mINFO [m com.yyj.codefarmcommunity.CodeFarmCommunityApplicationTests - Starting CodeFarmCommunityApplicationTests using Java 25.0.2 with PID 147888 (started by 闫寅杰 in C:\Users\闫寅杰\Desktop\朗驰\五、Spring\code-farm-community)
2026-03-20 16:43:55.722 [main] [36mDEBUG[m com.yyj.codefarmcommunity.CodeFarmCommunityApplicationTests - Running with Spring Boot v4.0.3, Spring v7.0.5
2026-03-20 16:43:55.723 [main] [32mINFO [m com.yyj.codefarmcommunity.CodeFarmCommunityApplicationTests - The following 1 profile is active: "dev"
2026-03-20 16:43:56.951 [background-preinit] [32mINFO [m org.hibernate.validator.internal.util.Version - HV000001: Hibernate Validator 9.0.1.Final
2026-03-20 16:44:03.237 [main] [36mDEBUG[m com.baomidou.mybatisplus.core.spi.CompatibleHelper - Load compatibleSet: com.baomidou.mybatisplus.extension.spi.SpringCompatibleSet@35524549
2026-03-20 16:44:03.425 [main] [36mDEBUG[m com.baomidou.mybatisplus.extension.spring.MybatisSqlSessionFactoryBean - Registered plugin: 'MybatisPlusInterceptor{interceptors=[PaginationInnerInterceptor(logger=org.apache.ibatis.logging.slf4j.Slf4jImpl@1939a394, overflow=true, maxLimit=null, dbType=MYSQL, dialect=null, optimizeJoin=true)]}'
2026-03-20 16:44:03.435 [main] [36mDEBUG[m com.baomidou.mybatisplus.extension.spring.MybatisSqlSessionFactoryBean - Property 'mapperLocations' was not specified.
2026-03-20 16:44:04.782 [main] [32mINFO [m org.springframework.security.config.annotation.authentication.configuration.InitializeUserDetailsBeanManagerConfigurer$InitializeUserDetailsManagerConfigurer - Global AuthenticationManager configured with UserDetailsService bean with name customUserDetailsService
2026-03-20 16:44:08.234 [main] [32mINFO [m com.baomidou.mybatisplus.extension.spring.MybatisPlusApplicationContextAware - Register ApplicationContext instances org.springframework.web.context.support.GenericWebApplicationContext@7b306b9f
2026-03-20 16:44:10.190 [main] [32mINFO [m com.yyj.codefarmcommunity.CodeFarmCommunityApplicationTests - Started CodeFarmCommunityApplicationTests in 16.131 seconds (process running for 20.982)
